[23-Dec-2017 21:35:08 UTC] PHP Parse error:  syntax error, unexpected '?' in /home/ubuntu/workspace/vendor/laravel/framework/src/Illuminate/Foundation/helpers.php on line 233
[23-Dec-2017 21:35:08 UTC] PHP Stack trace:
[23-Dec-2017 21:35:08 UTC] PHP   1. {main}() /home/ubuntu/workspace/public/index.php:0
[23-Dec-2017 21:35:08 UTC] PHP   2. require() /home/ubuntu/workspace/public/index.php:24
[23-Dec-2017 21:35:08 UTC] PHP   3. ComposerAutoloaderInit045251db4b99ae152e8fa875b9763991::getLoader() /home/ubuntu/workspace/vendor/autoload.php:7
[23-Dec-2017 21:35:08 UTC] PHP   4. composerRequire045251db4b99ae152e8fa875b9763991() /home/ubuntu/workspace/vendor/composer/autoload_real.php:56
[23-Dec-2017 21:35:09 UTC] PHP Parse error:  syntax error, unexpected '?' in /home/ubuntu/workspace/vendor/laravel/framework/src/Illuminate/Foundation/helpers.php on line 233
[23-Dec-2017 21:35:09 UTC] PHP Stack trace:
[23-Dec-2017 21:35:09 UTC] PHP   1. {main}() /home/ubuntu/workspace/public/index.php:0
[23-Dec-2017 21:35:09 UTC] PHP   2. require() /home/ubuntu/workspace/public/index.php:24
[23-Dec-2017 21:35:09 UTC] PHP   3. ComposerAutoloaderInit045251db4b99ae152e8fa875b9763991::getLoader() /home/ubuntu/workspace/vendor/autoload.php:7
[23-Dec-2017 21:35:09 UTC] PHP   4. composerRequire045251db4b99ae152e8fa875b9763991() /home/ubuntu/workspace/vendor/composer/autoload_real.php:56
[23-Dec-2017 21:35:11 UTC] PHP Parse error:  syntax error, unexpected '?' in /home/ubuntu/workspace/vendor/laravel/framework/src/Illuminate/Foundation/helpers.php on line 233
[23-Dec-2017 21:35:11 UTC] PHP Stack trace:
[23-Dec-2017 21:35:11 UTC] PHP   1. {main}() /home/ubuntu/workspace/public/index.php:0
[23-Dec-2017 21:35:11 UTC] PHP   2. require() /home/ubuntu/workspace/public/index.php:24
[23-Dec-2017 21:35:11 UTC] PHP   3. ComposerAutoloaderInit045251db4b99ae152e8fa875b9763991::getLoader() /home/ubuntu/workspace/vendor/autoload.php:7
[23-Dec-2017 21:35:11 UTC] PHP   4. composerRequire045251db4b99ae152e8fa875b9763991() /home/ubuntu/workspace/vendor/composer/autoload_real.php:56
[23-Dec-2017 21:35:11 UTC] PHP Parse error:  syntax error, unexpected '?' in /home/ubuntu/workspace/vendor/laravel/framework/src/Illuminate/Foundation/helpers.php on line 233
[23-Dec-2017 21:35:11 UTC] PHP Stack trace:
[23-Dec-2017 21:35:11 UTC] PHP   1. {main}() /home/ubuntu/workspace/public/index.php:0
[23-Dec-2017 21:35:11 UTC] PHP   2. require() /home/ubuntu/workspace/public/index.php:24
[23-Dec-2017 21:35:11 UTC] PHP   3. ComposerAutoloaderInit045251db4b99ae152e8fa875b9763991::getLoader() /home/ubuntu/workspace/vendor/autoload.php:7
[23-Dec-2017 21:35:11 UTC] PHP   4. composerRequire045251db4b99ae152e8fa875b9763991() /home/ubuntu/workspace/vendor/composer/autoload_real.php:56
[23-Dec-2017 21:35:12 UTC] PHP Parse error:  syntax error, unexpected '?' in /home/ubuntu/workspace/vendor/laravel/framework/src/Illuminate/Foundation/helpers.php on line 233
[23-Dec-2017 21:35:12 UTC] PHP Stack trace:
[23-Dec-2017 21:35:12 UTC] PHP   1. {main}() /home/ubuntu/workspace/public/index.php:0
[23-Dec-2017 21:35:12 UTC] PHP   2. require() /home/ubuntu/workspace/public/index.php:24
[23-Dec-2017 21:35:12 UTC] PHP   3. ComposerAutoloaderInit045251db4b99ae152e8fa875b9763991::getLoader() /home/ubuntu/workspace/vendor/autoload.php:7
[23-Dec-2017 21:35:12 UTC] PHP   4. composerRequire045251db4b99ae152e8fa875b9763991() /home/ubuntu/workspace/vendor/composer/autoload_real.php:56
[23-Dec-2017 21:35:13 UTC] PHP Parse error:  syntax error, unexpected '?' in /home/ubuntu/workspace/vendor/laravel/framework/src/Illuminate/Foundation/helpers.php on line 233
[23-Dec-2017 21:35:13 UTC] PHP Stack trace:
[23-Dec-2017 21:35:13 UTC] PHP   1. {main}() /home/ubuntu/workspace/public/index.php:0
[23-Dec-2017 21:35:13 UTC] PHP   2. require() /home/ubuntu/workspace/public/index.php:24
[23-Dec-2017 21:35:13 UTC] PHP   3. ComposerAutoloaderInit045251db4b99ae152e8fa875b9763991::getLoader() /home/ubuntu/workspace/vendor/autoload.php:7
[23-Dec-2017 21:35:13 UTC] PHP   4. composerRequire045251db4b99ae152e8fa875b9763991() /home/ubuntu/workspace/vendor/composer/autoload_real.php:56
[23-Dec-2017 21:35:14 UTC] PHP Parse error:  syntax error, unexpected '?' in /home/ubuntu/workspace/vendor/laravel/framework/src/Illuminate/Foundation/helpers.php on line 233
[23-Dec-2017 21:35:14 UTC] PHP Stack trace:
[23-Dec-2017 21:35:14 UTC] PHP   1. {main}() /home/ubuntu/workspace/public/index.php:0
[23-Dec-2017 21:35:14 UTC] PHP   2. require() /home/ubuntu/workspace/public/index.php:24
[23-Dec-2017 21:35:14 UTC] PHP   3. ComposerAutoloaderInit045251db4b99ae152e8fa875b9763991::getLoader() /home/ubuntu/workspace/vendor/autoload.php:7
[23-Dec-2017 21:35:14 UTC] PHP   4. composerRequire045251db4b99ae152e8fa875b9763991() /home/ubuntu/workspace/vendor/composer/autoload_real.php:56
[23-Dec-2017 21:35:15 UTC] PHP Parse error:  syntax error, unexpected '?' in /home/ubuntu/workspace/vendor/laravel/framework/src/Illuminate/Foundation/helpers.php on line 233
[23-Dec-2017 21:35:15 UTC] PHP Stack trace:
[23-Dec-2017 21:35:15 UTC] PHP   1. {main}() /home/ubuntu/workspace/public/index.php:0
[23-Dec-2017 21:35:15 UTC] PHP   2. require() /home/ubuntu/workspace/public/index.php:24
[23-Dec-2017 21:35:15 UTC] PHP   3. ComposerAutoloaderInit045251db4b99ae152e8fa875b9763991::getLoader() /home/ubuntu/workspace/vendor/autoload.php:7
[23-Dec-2017 21:35:15 UTC] PHP   4. composerRequire045251db4b99ae152e8fa875b9763991() /home/ubuntu/workspace/vendor/composer/autoload_real.php:56
